<?xml version="1.0" encoding="UTF-8"?>
<testng-results skipped="0" failed="0" ignored="0" total="4" passed="4">
  <reporter-output>
  </reporter-output>
  <suite name="TN Test automtion regression suite" duration-ms="12767" started-at="2021-08-27T05:18:56Z" finished-at="2021-08-27T05:19:09Z">
    <groups>
    </groups>
    <test name="WelcomePage Test" duration-ms="12767" started-at="2021-08-27T05:18:56Z" finished-at="2021-08-27T05:19:09Z">
      <class name="com.qa.blaze.tests.WelcomePageTest">
        <test-method status="PASS" signature="setUp(java.lang.String, java.lang.String)[pri:0, instance:com.qa.blaze.tests.WelcomePageTest@25bbf683]" name="setUp" is-config="true" duration-ms="5877" started-at="2021-08-27T05:18:56Z" finished-at="2021-08-27T05:19:02Z">
          <params>
            <param index="0">
              <value>
                <![CDATA[chrome]]>
              </value>
            </param>
            <param index="1">
              <value>
                <![CDATA[92]]>
              </value>
            </param>
          </params>
          <reporter-output>
          </reporter-output>
        </test-method> <!-- setUp -->
        <test-method status="PASS" signature="verifyWelcomePageTitleTest()[pri:1, instance:com.qa.blaze.tests.WelcomePageTest@25bbf683]" name="verifyWelcomePageTitleTest" duration-ms="32" started-at="2021-08-27T05:19:02Z" finished-at="2021-08-27T05:19:02Z">
          <reporter-output>
          </reporter-output>
        </test-method> <!-- verifyWelcomePageTitleTest -->
        <test-method status="PASS" signature="verifyWelcomePageHeader()[pri:2, instance:com.qa.blaze.tests.WelcomePageTest@25bbf683]" name="verifyWelcomePageHeader" duration-ms="1013" started-at="2021-08-27T05:19:02Z" finished-at="2021-08-27T05:19:03Z">
          <reporter-output>
          </reporter-output>
        </test-method> <!-- verifyWelcomePageHeader -->
        <test-method status="PASS" signature="verifyHeaderLinks()[pri:3, instance:com.qa.blaze.tests.WelcomePageTest@25bbf683]" name="verifyHeaderLinks" duration-ms="20" started-at="2021-08-27T05:19:03Z" finished-at="2021-08-27T05:19:03Z">
          <reporter-output>
          </reporter-output>
        </test-method> <!-- verifyHeaderLinks -->
        <test-method status="PASS" signature="selectCityValues()[pri:4, instance:com.qa.blaze.tests.WelcomePageTest@25bbf683]" name="selectCityValues" duration-ms="5723" started-at="2021-08-27T05:19:03Z" finished-at="2021-08-27T05:19:09Z">
          <reporter-output>
          </reporter-output>
        </test-method> <!-- selectCityValues -->
        <test-method status="PASS" signature="tearDown()[pri:0, instance:com.qa.blaze.tests.WelcomePageTest@25bbf683]" name="tearDown" is-config="true" duration-ms="88" started-at="2021-08-27T05:19:09Z" finished-at="2021-08-27T05:19:09Z">
          <reporter-output>
          </reporter-output>
        </test-method> <!-- tearDown -->
      </class> <!-- com.qa.blaze.tests.WelcomePageTest -->
    </test> <!-- WelcomePage Test -->
  </suite> <!-- TN Test automtion regression suite -->
</testng-results>
