<?xml version="1.0" encoding="UTF-8"?>
<!-- Generated by org.testng.reporters.JUnitXMLReporter -->
<testsuite hostname="Chitranjalis-MacBook-Pro.local" ignored="0" name="Avail Test_chrome_92" tests="2" failures="2" timestamp="27 Aug 2021 05:11:36 GMT" time="4.324" errors="0">
  <testcase name="verifyAvailPageTitleTest" time="0.013" classname="com.qa.blaze.tests.AvailPageTest">
    <failure type="java.lang.NullPointerException">
      <![CDATA[java.lang.NullPointerException
at com.qa.blaze.tests.AvailPageTest.verifyAvailPageTitleTest(AvailPageTest.java:15)
at java.util.concurrent.FutureTask.run(FutureTask.java:266)
at java.util.concurrent.ThreadPoolExecutor.runWorker(ThreadPoolExecutor.java:1149)
at java.util.concurrent.ThreadPoolExecutor$Worker.run(ThreadPoolExecutor.java:624)
at java.lang.Thread.run(Thread.java:748)
... Removed 16 stack frames]]>
    </failure>
  </testcase> <!-- verifyAvailPageTitleTest -->
  <testcase name="verifyAvailPageTitleTest" time="0.017" classname="com.qa.blaze.tests.AvailPageTest">
    <failure type="java.lang.NullPointerException">
      <![CDATA[java.lang.NullPointerException
at com.qa.blaze.base.BasePage.getScreenshot(BasePage.java:128)
at com.qa.blaze.testlisteners.ExtentReportListener.onTestFailure(ExtentReportListener.java:97)
at java.util.concurrent.FutureTask.run(FutureTask.java:266)
at java.util.concurrent.ThreadPoolExecutor.runWorker(ThreadPoolExecutor.java:1149)
at java.util.concurrent.ThreadPoolExecutor$Worker.run(ThreadPoolExecutor.java:624)
at java.lang.Thread.run(Thread.java:748)
... Removed 13 stack frames]]>
    </failure>
  </testcase> <!-- verifyAvailPageTitleTest -->
</testsuite> <!-- Avail Test_chrome_92 -->
