<?xml version="1.0" encoding="UTF-8"?>
<!-- Generated by org.testng.reporters.JUnitXMLReporter -->
<testsuite hostname="Chitranjalis-MacBook-Pro.local" ignored="0" name="HomePage Test_chrome_92" tests="4" failures="0" timestamp="27 Aug 2021 05:11:44 GMT" time="11.776" errors="0">
  <testcase name="verifyWelcomePageTitleTest" time="0.023" classname="com.qa.blaze.tests.WelcomePageTest"/>
  <testcase name="verifyWelcomePageHeader" time="1.027" classname="com.qa.blaze.tests.WelcomePageTest"/>
  <testcase name="verifyHeaderLinks" time="0.018" classname="com.qa.blaze.tests.WelcomePageTest"/>
  <testcase name="selectCityValues" time="5.817" classname="com.qa.blaze.tests.WelcomePageTest"/>
</testsuite> <!-- HomePage Test_chrome_92 -->
