<?xml version="1.0" encoding="UTF-8"?>
<!-- Generated by org.testng.reporters.JUnitXMLReporter -->
<testsuite hostname="Chitranjalis-MacBook-Pro.local" ignored="0" name="HomePage Test_chrome_90" tests="4" failures="0" timestamp="27 Aug 2021 05:08:55 GMT" time="18.822" errors="0">
  <testcase name="verifyWelcomePageTitleTest" time="0.041" classname="com.qa.blaze.tests.WelcomePageTest"/>
  <testcase name="verifyWelcomePageHeader" time="1.045" classname="com.qa.blaze.tests.WelcomePageTest"/>
  <testcase name="verifyHeaderLinks" time="0.019" classname="com.qa.blaze.tests.WelcomePageTest"/>
  <testcase name="selectCityValues" time="5.846" classname="com.qa.blaze.tests.WelcomePageTest"/>
</testsuite> <!-- HomePage Test_chrome_90 -->
