<?xml version="1.0" encoding="UTF-8"?>
<!-- Generated by org.testng.reporters.JUnitXMLReporter -->
<testsuite hostname="Chitranjalis-MacBook-Pro.local" ignored="0" name="WelcomePage Test" tests="4" failures="0" timestamp="27 Aug 2021 05:19:09 GMT" time="12.767" errors="0">
  <testcase name="verifyWelcomePageTitleTest" time="0.032" classname="com.qa.blaze.tests.WelcomePageTest"/>
  <testcase name="verifyWelcomePageHeader" time="1.013" classname="com.qa.blaze.tests.WelcomePageTest"/>
  <testcase name="verifyHeaderLinks" time="0.02" classname="com.qa.blaze.tests.WelcomePageTest"/>
  <testcase name="selectCityValues" time="5.723" classname="com.qa.blaze.tests.WelcomePageTest"/>
</testsuite> <!-- WelcomePage Test -->
